...found 9 targets...
...updating 7 targets...
common.mkdir bin.v2
common.mkdir bin.v2/libs
common.mkdir bin.v2/libs/context
common.mkdir bin.v2/libs/context/config
common.mkdir bin.v2/libs/context/config/gcc-4.4.3
common.mkdir bin.v2/libs/context/config/gcc-4.4.3/debug
gcc.compile.c++ bin.v2/libs/context/config/gcc-4.4.3/debug/32.o
/home/guoliqiang/git-coding/coding/third_part/boost/boost_1_53_0/libs/context/config/32.cpp:9: error: size of array ‘test’ is negative

    "g++"  -ftemplate-depth-128 -O0 -fno-inline -Wall -g -fPIC  -DBOOST_ALL_NO_LIB=1  -I"." -c -o "bin.v2/libs/context/config/gcc-4.4.3/debug/32.o" "/home/guoliqiang/git-coding/coding/third_part/boost/boost_1_53_0/libs/context/config/32.cpp"

...failed gcc.compile.c++ bin.v2/libs/context/config/gcc-4.4.3/debug/32.o...
...failed updating 1 target...
...updated 6 targets...
...found 3 targets...
...updating 1 target...
gcc.compile.c++ bin.v2/libs/context/config/gcc-4.4.3/debug/64.o
...updated 1 target...
...found 3 targets...
...updating 1 target...
gcc.compile.c++ bin.v2/libs/context/config/gcc-4.4.3/debug/x86.o
...updated 1 target...
...found 12 targets...
...updating 6 targets...
common.mkdir bin.v2/libs/regex
common.mkdir bin.v2/libs/regex/build
common.mkdir bin.v2/libs/regex/build/gcc-4.4.3
common.mkdir bin.v2/libs/regex/build/gcc-4.4.3/debug
gcc.compile.c++ bin.v2/libs/regex/build/gcc-4.4.3/debug/has_icu_test.o
libs/regex/build/has_icu_test.cpp:12:30: error: unicode/uversion.h: 没有那个文件或目录
libs/regex/build/has_icu_test.cpp:13:28: error: unicode/utypes.h: 没有那个文件或目录
libs/regex/build/has_icu_test.cpp:14:27: error: unicode/uchar.h: 没有那个文件或目录
libs/regex/build/has_icu_test.cpp:15:26: error: unicode/coll.h: 没有那个文件或目录
libs/regex/build/has_icu_test.cpp: In function ‘int main()’:
libs/regex/build/has_icu_test.cpp:23: error: ‘UErrorCode’ was not declared in this scope
libs/regex/build/has_icu_test.cpp:23: error: expected ‘;’ before ‘err’
libs/regex/build/has_icu_test.cpp:24: error: ‘UChar32’ was not declared in this scope
libs/regex/build/has_icu_test.cpp:24: error: expected ‘;’ before ‘c’
libs/regex/build/has_icu_test.cpp:25: error: ‘err’ was not declared in this scope

    "g++"  -ftemplate-depth-128 -O0 -fno-inline -Wall -pedantic -g -fPIC  -DBOOST_ALL_NO_LIB=1 -DBOOST_HAS_ICU=1  -I"." -c -o "bin.v2/libs/regex/build/gcc-4.4.3/debug/has_icu_test.o" "libs/regex/build/has_icu_test.cpp"

...failed gcc.compile.c++ bin.v2/libs/regex/build/gcc-4.4.3/debug/has_icu_test.o...
...skipped <pbin.v2/libs/regex/build/gcc-4.4.3/debug>has_icu for lack of <pbin.v2/libs/regex/build/gcc-4.4.3/debug>has_icu_test.o...
...failed updating 1 target...
...skipped 1 target...
...updated 4 targets...
...found 9 targets...
...updating 6 targets...
common.mkdir bin.v2/libs/locale
common.mkdir bin.v2/libs/locale/build
common.mkdir bin.v2/libs/locale/build/gcc-4.4.3
common.mkdir bin.v2/libs/locale/build/gcc-4.4.3/debug
gcc.compile.c++ bin.v2/libs/locale/build/gcc-4.4.3/debug/has_iconv_libc_obj.o
gcc.link bin.v2/libs/locale/build/gcc-4.4.3/debug/has_iconv
...updated 6 targets...
...found 5 targets...
...updating 2 targets...
gcc.compile.c++ bin.v2/libs/locale/build/gcc-4.4.3/debug/has_icu_obj.o
libs/locale/src/../build/has_icu_test.cpp:12:30: error: unicode/uversion.h: 没有那个文件或目录
libs/locale/src/../build/has_icu_test.cpp:13:27: error: unicode/locid.h: 没有那个文件或目录
libs/locale/src/../build/has_icu_test.cpp:14:28: error: unicode/utypes.h: 没有那个文件或目录
libs/locale/src/../build/has_icu_test.cpp:15:27: error: unicode/uchar.h: 没有那个文件或目录
libs/locale/src/../build/has_icu_test.cpp:16:26: error: unicode/coll.h: 没有那个文件或目录
libs/locale/src/../build/has_icu_test.cpp: In function ‘int main()’:
libs/locale/src/../build/has_icu_test.cpp:24: error: ‘icu’ has not been declared
libs/locale/src/../build/has_icu_test.cpp:24: error: expected ‘;’ before ‘loc’
libs/locale/src/../build/has_icu_test.cpp:25: error: ‘UErrorCode’ was not declared in this scope
libs/locale/src/../build/has_icu_test.cpp:25: error: expected ‘;’ before ‘err’
libs/locale/src/../build/has_icu_test.cpp:26: error: ‘UChar32’ was not declared in this scope
libs/locale/src/../build/has_icu_test.cpp:26: error: expected ‘;’ before ‘c’
libs/locale/src/../build/has_icu_test.cpp:27: error: ‘err’ was not declared in this scope

    "g++"  -ftemplate-depth-128 -O0 -fno-inline -Wall -g -fPIC  -DBOOST_ALL_NO_LIB=1  -I"." -c -o "bin.v2/libs/locale/build/gcc-4.4.3/debug/has_icu_obj.o" "libs/locale/src/../build/has_icu_test.cpp"

...failed gcc.compile.c++ bin.v2/libs/locale/build/gcc-4.4.3/debug/has_icu_obj.o...
...skipped <pbin.v2/libs/locale/build/gcc-4.4.3/debug>has_icu for lack of <pbin.v2/libs/locale/build/gcc-4.4.3/debug>has_icu_obj.o...
...failed updating 1 target...
...skipped 1 target...
...found 2 targets...
...updating 2 targets...
gcc.compile.c++ bin.v2/libs/locale/build/gcc-4.4.3/debug/has_icu64_obj.o
libs/locale/src/../build/has_icu_test.cpp:12:30: error: unicode/uversion.h: 没有那个文件或目录
libs/locale/src/../build/has_icu_test.cpp:13:27: error: unicode/locid.h: 没有那个文件或目录
libs/locale/src/../build/has_icu_test.cpp:14:28: error: unicode/utypes.h: 没有那个文件或目录
libs/locale/src/../build/has_icu_test.cpp:15:27: error: unicode/uchar.h: 没有那个文件或目录
libs/locale/src/../build/has_icu_test.cpp:16:26: error: unicode/coll.h: 没有那个文件或目录
libs/locale/src/../build/has_icu_test.cpp: In function ‘int main()’:
libs/locale/src/../build/has_icu_test.cpp:24: error: ‘icu’ has not been declared
libs/locale/src/../build/has_icu_test.cpp:24: error: expected ‘;’ before ‘loc’
libs/locale/src/../build/has_icu_test.cpp:25: error: ‘UErrorCode’ was not declared in this scope
libs/locale/src/../build/has_icu_test.cpp:25: error: expected ‘;’ before ‘err’
libs/locale/src/../build/has_icu_test.cpp:26: error: ‘UChar32’ was not declared in this scope
libs/locale/src/../build/has_icu_test.cpp:26: error: expected ‘;’ before ‘c’
libs/locale/src/../build/has_icu_test.cpp:27: error: ‘err’ was not declared in this scope

    "g++"  -ftemplate-depth-128 -O0 -fno-inline -Wall -g -fPIC  -DBOOST_ALL_NO_LIB=1  -I"." -c -o "bin.v2/libs/locale/build/gcc-4.4.3/debug/has_icu64_obj.o" "libs/locale/src/../build/has_icu_test.cpp"

...failed gcc.compile.c++ bin.v2/libs/locale/build/gcc-4.4.3/debug/has_icu64_obj.o...
...skipped <pbin.v2/libs/locale/build/gcc-4.4.3/debug>has_icu64 for lack of <pbin.v2/libs/locale/build/gcc-4.4.3/debug>has_icu64_obj.o...
...failed updating 1 target...
...skipped 1 target...
...found 7 targets...
...updating 5 targets...
common.mkdir bin.v2/libs/math
common.mkdir bin.v2/libs/math/config
common.mkdir bin.v2/libs/math/config/gcc-4.4.3
common.mkdir bin.v2/libs/math/config/gcc-4.4.3/debug
gcc.compile.c++ bin.v2/libs/math/config/gcc-4.4.3/debug/has_gcc_visibility.o
...updated 5 targets...
...found 47 targets...
...updating 1 target...
gcc.compile.c++ bin.v2/libs/math/config/gcc-4.4.3/debug/has_long_double_support.o
...updated 1 target...
